2024/07/19 19:11:30 таблица и индекс успешно созданы.
2024/07/19 20:13:07 ошибка добавления задачи в базу: не указан заголовок задачи
2024/07/19 20:13:07 ошибка добавления задачи в базу: дата представлена в формате, отличном от 20060102
2024/07/19 20:13:07 ошибка добавления задачи в базу: дата представлена в формате, отличном от 20060102
2024/07/19 20:13:07 ошибка добавления задачи в базу: правило повторения указано в неправильном формате
2024/07/19 20:13:07 ошибка добавления задачи в базу: правило повторения указано в неправильном формате
2024/07/19 20:13:08 не указан идентификатор
2024/07/19 20:13:08 ошибка при обновлении данных: задача не найдена
2024/07/19 20:13:08 ошибка при обновлении данных: задача не найдена
2024/07/19 20:13:08 ошибка при обновлении данных: задача не найдена
2024/07/19 20:13:08 ошибка при обновлении данных: не указан заголовок задачи
2024/07/19 20:13:08 ошибка при обновлении данных: дата представлена в формате, отличном от 20060102
2024/07/19 20:13:08 ошибка при обновлении данных: дата представлена в формате, отличном от 20060102
2024/07/19 20:13:08 ошибка при обновлении данных: правило повторения указано в неправильном формате
2024/07/19 20:13:08 ошибка при получении данных из базы: задача не найдена
2024/07/19 20:13:09 ошибка при получении данных из базы: задача не найдена
2024/07/19 20:13:09 не указан идентификатор для удаления задачи из базы: 400
2024/07/19 20:13:09 неправильный формат идентификатора для удаления задачи из базы: strconv.Atoi: parsing "wjhgese": invalid syntax
2024/07/19 20:14:02 ошибка добавления задачи в базу: не указан заголовок задачи
2024/07/19 20:14:02 ошибка добавления задачи в базу: дата представлена в формате, отличном от 20060102
2024/07/19 20:14:02 ошибка добавления задачи в базу: дата представлена в формате, отличном от 20060102
2024/07/19 20:14:02 ошибка добавления задачи в базу: правило повторения указано в неправильном формате
2024/07/19 20:14:02 ошибка добавления задачи в базу: правило повторения указано в неправильном формате
2024/07/19 20:14:03 не указан идентификатор
2024/07/19 20:14:03 ошибка при обновлении данных: задача не найдена
2024/07/19 20:14:03 ошибка при обновлении данных: задача не найдена
2024/07/19 20:14:03 ошибка при обновлении данных: задача не найдена
2024/07/19 20:14:03 ошибка при обновлении данных: не указан заголовок задачи
2024/07/19 20:14:03 ошибка при обновлении данных: дата представлена в формате, отличном от 20060102
2024/07/19 20:14:03 ошибка при обновлении данных: дата представлена в формате, отличном от 20060102
2024/07/19 20:14:03 ошибка при обновлении данных: правило повторения указано в неправильном формате
2024/07/19 20:14:04 ошибка при получении данных из базы: задача не найдена
2024/07/19 20:14:04 ошибка при получении данных из базы: задача не найдена
2024/07/19 20:14:04 не указан идентификатор для удаления задачи из базы: 400
2024/07/19 20:14:04 неправильный формат идентификатора для удаления задачи из базы: strconv.Atoi: parsing "wjhgese": invalid syntax
2024/07/19 20:28:19 ошибка добавления задачи в базу: не указан заголовок задачи
2024/07/19 20:28:19 ошибка добавления задачи в базу: дата представлена в формате, отличном от 20060102
2024/07/19 20:28:19 ошибка добавления задачи в базу: дата представлена в формате, отличном от 20060102
2024/07/19 20:28:19 ошибка добавления задачи в базу: правило повторения указано в неправильном формате
2024/07/19 20:28:19 ошибка добавления задачи в базу: правило повторения указано в неправильном формате
2024/07/19 20:28:20 не указан идентификатор
2024/07/19 20:28:20 ошибка при обновлении данных: задача не найдена
2024/07/19 20:28:20 ошибка при обновлении данных: задача не найдена
2024/07/19 20:28:20 ошибка при обновлении данных: задача не найдена
2024/07/19 20:28:20 ошибка при обновлении данных: не указан заголовок задачи
2024/07/19 20:28:20 ошибка при обновлении данных: дата представлена в формате, отличном от 20060102
2024/07/19 20:28:20 ошибка при обновлении данных: дата представлена в формате, отличном от 20060102
2024/07/19 20:28:20 ошибка при обновлении данных: правило повторения указано в неправильном формате
2024/07/19 20:28:20 ошибка при получении данных из базы: задача не найдена
2024/07/19 20:28:20 ошибка при получении данных из базы: задача не найдена
2024/07/19 20:28:20 не указан идентификатор для удаления задачи из базы: 400
2024/07/19 20:28:20 неправильный формат идентификатора для удаления задачи из базы: strconv.Atoi: parsing "wjhgese": invalid syntax
2024/07/19 20:37:16 ошибка при получении данных из базы: задача не найдена
2024/07/19 20:44:50 ошибка при получении данных из базы: задача не найдена
2024/07/19 20:44:50 задача не найдена: задача не найдена
2024/07/19 21:32:44 ошибка добавления задачи в базу: не указан заголовок задачи
2024/07/19 21:32:44 ошибка добавления задачи в базу: дата представлена в формате, отличном от 20060102
2024/07/19 21:32:44 ошибка добавления задачи в базу: дата представлена в формате, отличном от 20060102
2024/07/19 21:32:44 ошибка добавления задачи в базу: правило повторения указано в неправильном формате
2024/07/19 21:32:44 ошибка добавления задачи в базу: правило повторения указано в неправильном формате
